<?xml version="1.0" encoding="UTF-8"?>
<testsuite xmlns:xsi="http://www.w3.org/2001/XMLSchema-instance" xsi:noNamespaceSchemaLocation="https://maven.apache.org/surefire/maven-surefire-plugin/xsd/surefire-test-report.xsd" name="io.github.yey007.paperautoupdate.AppTest" time="0.055" tests="1" errors="0" skipped="0" failures="0">
  <properties>
    <property name="sun.desktop" value="windows"/>
    <property name="awt.toolkit" value="sun.awt.windows.WToolkit"/>
    <property name="file.encoding.pkg" value="sun.io"/>
    <property name="java.specification.version" value="1.8"/>
    <property name="sun.cpu.isalist" value="amd64"/>
    <property name="sun.jnu.encoding" value="Cp1252"/>
    <property name="java.class.path" value="c:\Users\utku_\Documents\Auto Update Plugin\paperautoupdate\target\test-classes;c:\Users\utku_\Documents\Auto Update Plugin\paperautoupdate\target\classes;C:\Users\utku_\.m2\repository\junit\junit\4.11\junit-4.11.jar;C:\Users\utku_\.m2\repository\org\hamcrest\hamcrest-core\1.3\hamcrest-core-1.3.jar;C:\Users\utku_\.m2\repository\org\bukkit\bukkit\1.15.2-R0.1-SNAPSHOT\bukkit-1.15.2-R0.1-SNAPSHOT.jar;C:\Users\utku_\.m2\repository\commons-lang\commons-lang\2.6\commons-lang-2.6.jar;C:\Users\utku_\.m2\repository\com\google\guava\guava\21.0\guava-21.0.jar;C:\Users\utku_\.m2\repository\com\google\code\gson\gson\2.8.0\gson-2.8.0.jar;C:\Users\utku_\.m2\repository\org\yaml\snakeyaml\1.25\snakeyaml-1.25.jar;C:\Users\utku_\.m2\repository\com\destroystokyo\paper\paper-api\1.15.2-R0.1-SNAPSHOT\paper-api-1.15.2-R0.1-SNAPSHOT.jar;C:\Users\utku_\.m2\repository\com\google\code\findbugs\jsr305\1.3.9\jsr305-1.3.9.jar;C:\Users\utku_\.m2\repository\com\googlecode\json-simple\json-simple\1.1.1\json-simple-1.1.1.jar;C:\Users\utku_\.m2\repository\net\md-5\bungeecord-chat\1.15-SNAPSHOT\bungeecord-chat-1.15-SNAPSHOT.jar;C:\Users\utku_\.m2\repository\org\slf4j\slf4j-api\1.7.25\slf4j-api-1.7.25.jar;C:\Users\utku_\.m2\repository\org\ow2\asm\asm\7.3.1\asm-7.3.1.jar;C:\Users\utku_\.m2\repository\org\ow2\asm\asm-commons\7.3.1\asm-commons-7.3.1.jar;C:\Users\utku_\.m2\repository\org\ow2\asm\asm-tree\7.3.1\asm-tree-7.3.1.jar;C:\Users\utku_\.m2\repository\org\ow2\asm\asm-analysis\7.3.1\asm-analysis-7.3.1.jar;"/>
    <property name="java.vm.vendor" value="Oracle Corporation"/>
    <property name="sun.arch.data.model" value="64"/>
    <property name="user.variant" value=""/>
    <property name="java.vendor.url" value="http://java.oracle.com/"/>
    <property name="user.timezone" value="America/New_York"/>
    <property name="user.country.format" value="001"/>
    <property name="java.vm.specification.version" value="1.8"/>
    <property name="os.name" value="Windows 10"/>
    <property name="user.country" value="US"/>
    <property name="sun.java.launcher" value="SUN_STANDARD"/>
    <property name="sun.boot.library.path" value="C:\Program Files\Java\jdk1.8.0_241\jre\bin"/>
    <property name="sun.java.command" value="C:\Users\utku_\AppData\Local\Temp\surefire938124729946232567\surefirebooter5429151779345723539.jar C:\Users\utku_\AppData\Local\Temp\surefire938124729946232567 2020-04-11T11-29-18_680-jvmRun1 surefire6827025768985104513tmp surefire_06502943263993228738tmp"/>
    <property name="surefire.test.class.path" value="c:\Users\utku_\Documents\Auto Update Plugin\paperautoupdate\target\test-classes;c:\Users\utku_\Documents\Auto Update Plugin\paperautoupdate\target\classes;C:\Users\utku_\.m2\repository\junit\junit\4.11\junit-4.11.jar;C:\Users\utku_\.m2\repository\org\hamcrest\hamcrest-core\1.3\hamcrest-core-1.3.jar;C:\Users\utku_\.m2\repository\org\bukkit\bukkit\1.15.2-R0.1-SNAPSHOT\bukkit-1.15.2-R0.1-SNAPSHOT.jar;C:\Users\utku_\.m2\repository\commons-lang\commons-lang\2.6\commons-lang-2.6.jar;C:\Users\utku_\.m2\repository\com\google\guava\guava\21.0\guava-21.0.jar;C:\Users\utku_\.m2\repository\com\google\code\gson\gson\2.8.0\gson-2.8.0.jar;C:\Users\utku_\.m2\repository\org\yaml\snakeyaml\1.25\snakeyaml-1.25.jar;C:\Users\utku_\.m2\repository\com\destroystokyo\paper\paper-api\1.15.2-R0.1-SNAPSHOT\paper-api-1.15.2-R0.1-SNAPSHOT.jar;C:\Users\utku_\.m2\repository\com\google\code\findbugs\jsr305\1.3.9\jsr305-1.3.9.jar;C:\Users\utku_\.m2\repository\com\googlecode\json-simple\json-simple\1.1.1\json-simple-1.1.1.jar;C:\Users\utku_\.m2\repository\net\md-5\bungeecord-chat\1.15-SNAPSHOT\bungeecord-chat-1.15-SNAPSHOT.jar;C:\Users\utku_\.m2\repository\org\slf4j\slf4j-api\1.7.25\slf4j-api-1.7.25.jar;C:\Users\utku_\.m2\repository\org\ow2\asm\asm\7.3.1\asm-7.3.1.jar;C:\Users\utku_\.m2\repository\org\ow2\asm\asm-commons\7.3.1\asm-commons-7.3.1.jar;C:\Users\utku_\.m2\repository\org\ow2\asm\asm-tree\7.3.1\asm-tree-7.3.1.jar;C:\Users\utku_\.m2\repository\org\ow2\asm\asm-analysis\7.3.1\asm-analysis-7.3.1.jar;"/>
    <property name="sun.cpu.endian" value="little"/>
    <property name="user.home" value="C:\Users\utku_"/>
    <property name="user.language" value="en"/>
    <property name="java.specification.vendor" value="Oracle Corporation"/>
    <property name="java.home" value="C:\Program Files\Java\jdk1.8.0_241\jre"/>
    <property name="basedir" value="c:\Users\utku_\Documents\Auto Update Plugin\paperautoupdate"/>
    <property name="file.separator" value="\"/>
    <property name="line.separator" value="&#10;"/>
    <property name="java.vm.specification.vendor" value="Oracle Corporation"/>
    <property name="java.specification.name" value="Java Platform API Specification"/>
    <property name="java.awt.graphicsenv" value="sun.awt.Win32GraphicsEnvironment"/>
    <property name="surefire.real.class.path" value="C:\Users\utku_\AppData\Local\Temp\surefire938124729946232567\surefirebooter5429151779345723539.jar"/>
    <property name="sun.boot.class.path" value="C:\Program Files\Java\jdk1.8.0_241\jre\lib\resources.jar;C:\Program Files\Java\jdk1.8.0_241\jre\lib\rt.jar;C:\Program Files\Java\jdk1.8.0_241\jre\lib\sunrsasign.jar;C:\Program Files\Java\jdk1.8.0_241\jre\lib\jsse.jar;C:\Program Files\Java\jdk1.8.0_241\jre\lib\jce.jar;C:\Program Files\Java\jdk1.8.0_241\jre\lib\charsets.jar;C:\Program Files\Java\jdk1.8.0_241\jre\lib\jfr.jar;C:\Program Files\Java\jdk1.8.0_241\jre\classes"/>
    <property name="user.script" value=""/>
    <property name="sun.management.compiler" value="HotSpot 64-Bit Tiered Compilers"/>
    <property name="java.runtime.version" value="1.8.0_241-b07"/>
    <property name="user.name" value="utku_"/>
    <property name="path.separator" value=";"/>
    <property name="os.version" value="10.0"/>
    <property name="java.endorsed.dirs" value="C:\Program Files\Java\jdk1.8.0_241\jre\lib\endorsed"/>
    <property name="java.runtime.name" value="Java(TM) SE Runtime Environment"/>
    <property name="file.encoding" value="Cp1252"/>
    <property name="java.vm.name" value="Java HotSpot(TM) 64-Bit Server VM"/>
    <property name="localRepository" value="C:\Users\utku_\.m2\repository"/>
    <property name="java.vendor.url.bug" value="http://bugreport.sun.com/bugreport/"/>
    <property name="java.io.tmpdir" value="C:\Users\utku_\AppData\Local\Temp\"/>
    <property name="java.version" value="1.8.0_241"/>
    <property name="user.dir" value="c:\Users\utku_\Documents\Auto Update Plugin\paperautoupdate"/>
    <property name="os.arch" value="amd64"/>
    <property name="java.vm.specification.name" value="Java Virtual Machine Specification"/>
    <property name="java.awt.printerjob" value="sun.awt.windows.WPrinterJob"/>
    <property name="sun.os.patch.level" value=""/>
    <property name="java.library.path" value="C:\Program Files\Java\jdk1.8.0_241\jre\bin;C:\WINDOWS\Sun\Java\bin;C:\WINDOWS\system32;C:\WINDOWS;C:\Program Files (x86)\Common Files\Intel\Shared Libraries\redist\intel64_win\compiler;C:\Program Files (x86)\Common Files\Oracle\Java\javapath;C:\Windows\system32;C:\Windows;C:\Windows\System32\Wbem;C:\Windows\System32\WindowsPowerShell\v1.0\;C:\Windows\System32\OpenSSH\;C:\Program Files (x86)\NVIDIA Corporation\PhysX\Common;C:\Program Files\dotnet\;C:\Program Files\Microsoft SQL Server\130\Tools\Binn\;C:\Program Files\Microsoft SQL Server\Client SDK\ODBC\170\Tools\Binn\;C:\WINDOWS\system32;C:\WINDOWS;C:\WINDOWS\System32\Wbem;C:\WINDOWS\System32\WindowsPowerShell\v1.0\;C:\WINDOWS\System32\OpenSSH\;D:\Program Files\Git\cmd;C:\Program Files\NVIDIA Corporation\NVIDIA NvDLISR;C:\Program Files\MySQL\MySQL Shell 8.0\bin\;C:\Users\utku_\AppData\Local\Microsoft\WindowsApps;C:\Users\utku_\AppData\Local\GitHubDesktop\bin;C:\Users\utku_\AppData\Local\atom\bin;C:\Users\utku_\AppData\Local\Programs\Microsoft VS Code\bin;C:\Users\utku_\.dotnet\tools;D:\Program Files (x86)\GitHub CLI\;D:\Program Files (x86)\FAHClient;."/>
    <property name="java.vm.info" value="mixed mode"/>
    <property name="java.vendor" value="Oracle Corporation"/>
    <property name="java.vm.version" value="25.241-b07"/>
    <property name="java.ext.dirs" value="C:\Program Files\Java\jdk1.8.0_241\jre\lib\ext;C:\WINDOWS\Sun\Java\lib\ext"/>
    <property name="sun.io.unicode.encoding" value="UnicodeLittle"/>
    <property name="java.class.version" value="52.0"/>
  </properties>
  <testcase name="shouldAnswerWithTrue" classname="io.github.yey007.paperautoupdate.AppTest" time="0.003"/>
</testsuite>